<?xml version="1.0" encoding="UTF-8"?>
<testsuites>
  <testsuite name="Feature" tests="5" assertions="13" errors="0" warnings="0" failures="0" skipped="0" time="0.083442">
    <testsuite name="Tests\Feature\Domains\Auth\Controllers\AuthGenerateControllerTest" file="/var/www/html/tests/Feature/Domains/Auth/Controllers/AuthGenerateControllerTest.php" tests="2" assertions="5" errors="0" warnings="0" failures="0" skipped="0" time="0.073088">
      <testcase name="testAuthenticate" class="Tests\Feature\Domains\Auth\Controllers\AuthGenerateControllerTest" classname="Tests.Feature.Domains.Auth.Controllers.AuthGenerateControllerTest" file="/var/www/html/tests/Feature/Domains/Auth/Controllers/AuthGenerateControllerTest.php" line="20" assertions="3" time="0.064409"/>
      <testcase name="testAuthenticateInvalidCredencials" class="Tests\Feature\Domains\Auth\Controllers\AuthGenerateControllerTest" classname="Tests.Feature.Domains.Auth.Controllers.AuthGenerateControllerTest" file="/var/www/html/tests/Feature/Domains/Auth/Controllers/AuthGenerateControllerTest.php" line="44" assertions="2" time="0.008679"/>
    </testsuite>
    <testsuite name="Tests\Feature\Domains\Health\HealthApiControllerTest" file="/var/www/html/tests/Feature/Domains/Health/HealthApiControllerTest.php" tests="3" assertions="8" errors="0" warnings="0" failures="0" skipped="0" time="0.010354">
      <testcase name="testHealthApi" class="Tests\Feature\Domains\Health\HealthApiControllerTest" classname="Tests.Feature.Domains.Health.HealthApiControllerTest" file="/var/www/html/tests/Feature/Domains/Health/HealthApiControllerTest.php" line="13" assertions="3" time="0.003477"/>
      <testcase name="testHealthApiUsingOtherUri" class="Tests\Feature\Domains\Health\HealthApiControllerTest" classname="Tests.Feature.Domains.Health.HealthApiControllerTest" file="/var/www/html/tests/Feature/Domains/Health/HealthApiControllerTest.php" line="26" assertions="3" time="0.003032"/>
      <testcase name="testHealthApiUsingInvalidRoute" class="Tests\Feature\Domains\Health\HealthApiControllerTest" classname="Tests.Feature.Domains.Health.HealthApiControllerTest" file="/var/www/html/tests/Feature/Domains/Health/HealthApiControllerTest.php" line="39" assertions="2" time="0.003845"/>
    </testsuite>
  </testsuite>
</testsuites>
